2024-10-12 19:46:57|DEBUG|Saved to bank.db
2024-10-12 19:46:57|DEBUG|Loaded from bank.db
2024-10-12 19:47:03|DEBUG|Saved to bank.db
2024-10-12 19:47:03|DEBUG|Created account: 1
2024-10-12 19:47:03|DEBUG|Saved to bank.db
2024-10-12 19:47:03|DEBUG|Loaded from bank.db
2024-10-12 19:47:07|DEBUG|Loaded from bank.db
2024-10-12 19:47:09|DEBUG|Loaded from bank.db
2024-10-12 19:47:14|DEBUG|Saved to bank.db
2024-10-12 19:47:14|DEBUG|Created account: 2
2024-10-12 19:47:14|DEBUG|Saved to bank.db
2024-10-12 19:47:14|DEBUG|Loaded from bank.db
2024-10-12 19:47:15|DEBUG|Loaded from bank.db
2024-10-12 19:47:17|DEBUG|Loaded from bank.db
2024-10-12 19:47:20|DEBUG|Loaded from bank.db
2024-10-12 19:47:34|DEBUG|Created transaction: 2, 1
2024-10-12 19:47:34|DEBUG|Saved to bank.db
2024-10-12 19:47:34|DEBUG|Loaded from bank.db
2024-10-12 19:47:37|DEBUG|Created transaction: 2, 0.00410000000000000000
2024-10-12 19:47:37|DEBUG|Saved to bank.db
2024-10-12 19:47:37|DEBUG|Loaded from bank.db
2024-10-12 19:47:41|DEBUG|Loaded from bank.db
2024-10-12 20:04:32|DEBUG|Saved to bank.db
2024-10-12 20:04:32|DEBUG|Loaded from bank.db
2024-10-12 20:04:42|DEBUG|Saved to bank.db
2024-10-12 20:04:42|DEBUG|Created account: 3
2024-10-12 20:04:42|DEBUG|Saved to bank.db
2024-10-12 20:04:42|DEBUG|Loaded from bank.db
2024-10-12 20:04:48|DEBUG|Saved to bank.db
2024-10-12 20:04:48|DEBUG|Created account: 4
2024-10-12 20:04:48|DEBUG|Saved to bank.db
2024-10-12 20:04:48|DEBUG|Loaded from bank.db
